<?xml version="1.0" encoding="UTF-8"?>
<testng-results ignored="0" total="2" passed="2" failed="0" skipped="0">
  <reporter-output>
  </reporter-output>
  <suite started-at="2023-11-01T11:41:43 IST" name="Default suite" finished-at="2023-11-01T11:42:02 IST" duration-ms="18879">
    <groups>
    </groups>
    <test started-at="2023-11-01T11:41:43 IST" name="Default test" finished-at="2023-11-01T11:42:02 IST" duration-ms="18879">
      <class name="mercuryTours.tests.registrationFuncTest">
        <test-method is-config="true" signature="launchPage()[pri:0, instance:mercuryTours.tests.registrationFuncTest@8f2ef19]" started-at="2023-11-01T11:41:43 IST" name="launchPage" finished-at="2023-11-01T11:41:50 IST" duration-ms="6670" status="PASS">
          <reporter-output>
          </reporter-output>
        </test-method> <!-- launchPage -->
        <test-method signature="registrationForm(java.util.HashMap)[pri:0, instance:mercuryTours.tests.registrationFuncTest@8f2ef19]" started-at="2023-11-01T11:41:50 IST" name="registrationForm" data-provider="getData" finished-at="2023-11-01T11:41:53 IST" duration-ms="3483" status="PASS">
          <params>
            <param index="0">
              <value>
                <![CDATA[{add=5-56, Gachibowli, lName=Sai, fName=Ajay, mail=saaj@gmail.com, city=Kakinada, pcode=500201, uName=SaiAjay, cntry=INDIA, copwd=12345, ph=9149143419, state=AndhraPradesh, pwd=123456}]]>
              </value>
            </param>
          </params>
          <reporter-output>
          </reporter-output>
        </test-method> <!-- registrationForm -->
        <test-method is-config="true" signature="closeLaunch()[pri:0, instance:mercuryTours.tests.registrationFuncTest@8f2ef19]" started-at="2023-11-01T11:41:53 IST" name="closeLaunch" finished-at="2023-11-01T11:41:53 IST" duration-ms="107" status="PASS">
          <reporter-output>
          </reporter-output>
        </test-method> <!-- closeLaunch -->
        <test-method is-config="true" signature="launchPage()[pri:0, instance:mercuryTours.tests.registrationFuncTest@8f2ef19]" started-at="2023-11-01T11:41:53 IST" name="launchPage" finished-at="2023-11-01T11:41:57 IST" duration-ms="4078" status="PASS">
          <reporter-output>
          </reporter-output>
        </test-method> <!-- launchPage -->
        <test-method signature="registrationForm(java.util.HashMap)[pri:0, instance:mercuryTours.tests.registrationFuncTest@8f2ef19]" started-at="2023-11-01T11:41:57 IST" name="registrationForm" data-provider="getData" finished-at="2023-11-01T11:42:01 IST" duration-ms="3971" status="PASS">
          <params>
            <param index="0">
              <value>
                <![CDATA[{add=5-56, Gachibowli, lName=Sai, fName=Ajay, mail=saaj@gmail.com, city=Kakinada, pcode=500201, uName=SaiAjay, cntry=INDIA, copwd=123456, ph=9149143419, state=AndhraPradesh, pwd=123456}]]>
              </value>
            </param>
          </params>
          <reporter-output>
          </reporter-output>
        </test-method> <!-- registrationForm -->
        <test-method is-config="true" signature="closeLaunch()[pri:0, instance:mercuryTours.tests.registrationFuncTest@8f2ef19]" started-at="2023-11-01T11:42:01 IST" name="closeLaunch" finished-at="2023-11-01T11:42:02 IST" duration-ms="510" status="PASS">
          <reporter-output>
          </reporter-output>
        </test-method> <!-- closeLaunch -->
      </class> <!-- mercuryTours.tests.registrationFuncTest -->
    </test> <!-- Default test -->
  </suite> <!-- Default suite -->
</testng-results>
